# JRE version: 7.0_04-b15
# Java VM: Java HotSpot(TM) 64-Bit Server VM (23.0-b16 mixed mode bsd-amd64 compressed oops)
Heap
 def new generation   total 9280K, used 5741K [0x00000001132c0000, 0x0000000113cd0000, 0x0000000128810000)
  eden space 8256K,  57% used [0x00000001132c0000, 0x000000011375b4a0, 0x0000000113ad0000)
  from space 1024K, 100% used [0x0000000113bd0000, 0x0000000113cd0000, 0x0000000113cd0000)
  to   space 1024K,   0% used [0x0000000113ad0000, 0x0000000113ad0000, 0x0000000113bd0000)
 tenured generation   total 20504K, used 17692K [0x0000000128810000, 0x0000000129c16000, 0x00000001532c0000)
   the space 20504K,  86% used [0x0000000128810000, 0x0000000129957020, 0x0000000129957200, 0x0000000129c16000)
 compacting perm gen  total 21248K, used 5759K [0x00000001532c0000, 0x0000000154780000, 0x00000001584c0000)
   the space 21248K,  27% used [0x00000001532c0000, 0x000000015385fcd8, 0x000000015385fe00, 0x0000000154780000)
GC Heap History (10 events):
Event: 6.436 GC heap before
{Heap before GC invocations=23 (full 2):
 def new generation   total 9280K, used 8256K [0x00000001132c0000, 0x0000000113cd0000, 0x0000000128810000)
  eden space 8256K, 100% used [0x00000001132c0000, 0x0000000113ad0000, 0x0000000113ad0000)
  from space 1024K,   0% used [0x0000000113ad0000, 0x0000000113ad0000, 0x0000000113bd0000)
  to   space 1024K,   0% used [0x0000000113bd0000, 0x0000000113bd0000, 0x0000000113cd0000)
 tenured generation   total 20504K, used 12302K [0x0000000128810000, 0x0000000129c16000, 0x00000001532c0000)
   the space 20504K,  59% used [0x0000000128810000, 0x0000000129413840, 0x0000000129413a00, 0x0000000129c16000)
 compacting perm gen  total 21248K, used 5733K [0x00000001532c0000, 0x0000000154780000, 0x00000001584c0000)
   the space 21248K,  26% used [0x00000001532c0000, 0x0000000153859400, 0x0000000153859400, 0x0000000154780000)
No shared spaces configured.
Event: 6.446 GC heap after
Heap after GC invocations=24 (full 2):
 def new generation   total 9280K, used 1024K [0x00000001132c0000, 0x0000000113cd0000, 0x0000000128810000)
  eden space 8256K,   0% used [0x00000001132c0000, 0x00000001132c0000, 0x0000000113ad0000)
  from space 1024K, 100% used [0x0000000113bd0000, 0x0000000113cd0000, 0x0000000113cd0000)
  to   space 1024K,   0% used [0x0000000113ad0000, 0x0000000113ad0000, 0x0000000113bd0000)
 tenured generation   total 20504K, used 12706K [0x0000000128810000, 0x0000000129c16000, 0x00000001532c0000)
   the space 20504K,  61% used [0x0000000128810000, 0x00000001294789f0, 0x0000000129478a00, 0x0000000129c16000)
 compacting perm gen  total 21248K, used 5733K [0x00000001532c0000, 0x0000000154780000, 0x00000001584c0000)
   the space 21248K,  26% used [0x00000001532c0000, 0x0000000153859400, 0x0000000153859400, 0x0000000154780000)
No shared spaces configured.
}
Event: 6.747 GC heap before
{Heap before GC invocations=24 (full 2):
 def new generation   total 9280K, used 9280K [0x00000001132c0000, 0x0000000113cd0000, 0x0000000128810000)
  eden space 8256K, 100% used [0x00000001132c0000, 0x0000000113ad0000, 0x0000000113ad0000)
  from space 1024K, 100% used [0x0000000113bd0000, 0x0000000113cd0000, 0x0000000113cd0000)
  to   space 1024K,   0% used [0x0000000113ad0000, 0x0000000113ad0000, 0x0000000113bd0000)
 tenured generation   total 20504K, used 12706K [0x0000000128810000, 0x0000000129c16000, 0x00000001532c0000)
   the space 20504K,  61% used [0x0000000128810000, 0x00000001294789f0, 0x0000000129478a00, 0x0000000129c16000)
 compacting perm gen  total 21248K, used 5736K [0x00000001532c0000, 0x0000000154780000, 0x00000001584c0000)
   the space 21248K,  27% used [0x00000001532c0000, 0x000000015385a3f0, 0x000000015385a400, 0x0000000154780000)
No shared spaces configured.
Event: 6.761 GC heap after
Heap after GC invocations=25 (full 2):
 def new generation   total 9280K, used 1024K [0x00000001132c0000, 0x0000000113cd0000, 0x0000000128810000)
  eden space 8256K,   0% used [0x00000001132c0000, 0x00000001132c0000, 0x0000000113ad0000)
  from space 1024K, 100% used [0x0000000113ad0000, 0x0000000113bd0000, 0x0000000113bd0000)
  to   space 1024K,   0% used [0x0000000113bd0000, 0x0000000113bd0000, 0x0000000113cd0000)
 tenured generation   total 20504K, used 13956K [0x0000000128810000, 0x0000000129c16000, 0x00000001532c0000)
   the space 20504K,  68% used [0x0000000128810000, 0x00000001295b12e8, 0x00000001295b1400, 0x0000000129c16000)
 compacting perm gen  total 21248K, used 5736K [0x00000001532c0000, 0x0000000154780000, 0x00000001584c0000)
   the space 21248K,  27% used [0x00000001532c0000, 0x000000015385a3f0, 0x000000015385a400, 0x0000000154780000)
No shared spaces configured.
}
Event: 7.055 GC heap before
{Heap before GC invocations=25 (full 2):
 def new generation   total 9280K, used 9280K [0x00000001132c0000, 0x0000000113cd0000, 0x0000000128810000)
  eden space 8256K, 100% used [0x00000001132c0000, 0x0000000113ad0000, 0x0000000113ad0000)
  from space 1024K, 100% used [0x0000000113ad0000, 0x0000000113bd0000, 0x0000000113bd0000)
  to   space 1024K,   0% used [0x0000000113bd0000, 0x0000000113bd0000, 0x0000000113cd0000)
 tenured generation   total 20504K, used 13956K [0x0000000128810000, 0x0000000129c16000, 0x00000001532c0000)
   the space 20504K,  68% used [0x0000000128810000, 0x00000001295b12e8, 0x00000001295b1400, 0x0000000129c16000)
 compacting perm gen  total 21248K, used 5744K [0x00000001532c0000, 0x0000000154780000, 0x00000001584c0000)
   the space 21248K,  27% used [0x00000001532c0000, 0x000000015385c048, 0x000000015385c200, 0x0000000154780000)
No shared spaces configured.
Event: 7.066 GC heap after
Heap after GC invocations=26 (full 2):
 def new generation   total 9280K, used 1023K [0x00000001132c0000, 0x0000000113cd0000, 0x0000000128810000)
  eden space 8256K,   0% used [0x00000001132c0000, 0x00000001132c0000, 0x0000000113ad0000)
  from space 1024K,  99% used [0x0000000113bd0000, 0x0000000113ccfff8, 0x0000000113cd0000)
  to   space 1024K,   0% used [0x0000000113ad0000, 0x0000000113ad0000, 0x0000000113bd0000)
 tenured generation   total 20504K, used 15001K [0x0000000128810000, 0x0000000129c16000, 0x00000001532c0000)
   the space 20504K,  73% used [0x0000000128810000, 0x00000001296b6550, 0x00000001296b6600, 0x0000000129c16000)
 compacting perm gen  total 21248K, used 5744K [0x00000001532c0000, 0x0000000154780000, 0x00000001584c0000)
   the space 21248K,  27% used [0x00000001532c0000, 0x000000015385c048, 0x000000015385c200, 0x0000000154780000)
No shared spaces configured.
}
Event: 7.243 GC heap before
{Heap before GC invocations=26 (full 2):
 def new generation   total 9280K, used 9279K [0x00000001132c0000, 0x0000000113cd0000, 0x0000000128810000)
  eden space 8256K, 100% used [0x00000001132c0000, 0x0000000113ad0000, 0x0000000113ad0000)
  from space 1024K,  99% used [0x0000000113bd0000, 0x0000000113ccfff8, 0x0000000113cd0000)
  to   space 1024K,   0% used [0x0000000113ad0000, 0x0000000113ad0000, 0x0000000113bd0000)
 tenured generation   total 20504K, used 15001K [0x0000000128810000, 0x0000000129c16000, 0x00000001532c0000)
   the space 20504K,  73% used [0x0000000128810000, 0x00000001296b6550, 0x00000001296b6600, 0x0000000129c16000)
 compacting perm gen  total 21248K, used 5755K [0x00000001532c0000, 0x0000000154780000, 0x00000001584c0000)
   the space 21248K,  27% used [0x00000001532c0000, 0x000000015385ed68, 0x000000015385ee00, 0x0000000154780000)
No shared spaces configured.
Event: 7.255 GC heap after
Heap after GC invocations=27 (full 2):
 def new generation   total 9280K, used 1024K [0x00000001132c0000, 0x0000000113cd0000, 0x0000000128810000)
  eden space 8256K,   0% used [0x00000001132c0000, 0x00000001132c0000, 0x0000000113ad0000)
  from space 1024K, 100% used [0x0000000113ad0000, 0x0000000113bd0000, 0x0000000113bd0000)
  to   space 1024K,   0% used [0x0000000113bd0000, 0x0000000113bd0000, 0x0000000113cd0000)
 tenured generation   total 20504K, used 16181K [0x0000000128810000, 0x0000000129c16000, 0x00000001532c0000)
   the space 20504K,  78% used [0x0000000128810000, 0x00000001297dd4b8, 0x00000001297dd600, 0x0000000129c16000)
 compacting perm gen  total 21248K, used 5755K [0x00000001532c0000, 0x0000000154780000, 0x00000001584c0000)
   the space 21248K,  27% used [0x00000001532c0000, 0x000000015385ed68, 0x000000015385ee00, 0x0000000154780000)
No shared spaces configured.
}
Event: 7.604 GC heap before
{Heap before GC invocations=27 (full 2):
 def new generation   total 9280K, used 9280K [0x00000001132c0000, 0x0000000113cd0000, 0x0000000128810000)
  eden space 8256K, 100% used [0x00000001132c0000, 0x0000000113ad0000, 0x0000000113ad0000)
  from space 1024K, 100% used [0x0000000113ad0000, 0x0000000113bd0000, 0x0000000113bd0000)
  to   space 1024K,   0% used [0x0000000113bd0000, 0x0000000113bd0000, 0x0000000113cd0000)
 tenured generation   total 20504K, used 16181K [0x0000000128810000, 0x0000000129c16000, 0x00000001532c0000)
   the space 20504K,  78% used [0x0000000128810000, 0x00000001297dd4b8, 0x00000001297dd600, 0x0000000129c16000)
 compacting perm gen  total 21248K, used 5759K [0x00000001532c0000, 0x0000000154780000, 0x00000001584c0000)
   the space 21248K,  27% used [0x00000001532c0000, 0x000000015385fcb8, 0x000000015385fe00, 0x0000000154780000)
No shared spaces configured.
Event: 7.620 GC heap after
Heap after GC invocations=28 (full 2):
 def new generation   total 9280K, used 1024K [0x00000001132c0000, 0x0000000113cd0000, 0x0000000128810000)
  eden space 8256K,   0% used [0x00000001132c0000, 0x00000001132c0000, 0x0000000113ad0000)
  from space 1024K, 100% used [0x0000000113bd0000, 0x0000000113cd0000, 0x0000000113cd0000)
  to   space 1024K,   0% used [0x0000000113ad0000, 0x0000000113ad0000, 0x0000000113bd0000)
 tenured generation   total 20504K, used 17692K [0x0000000128810000, 0x0000000129c16000, 0x00000001532c0000)
   the space 20504K,  86% used [0x0000000128810000, 0x0000000129957020, 0x0000000129957200, 0x0000000129c16000)
 compacting perm gen  total 21248K, used 5759K [0x00000001532c0000, 0x0000000154780000, 0x00000001584c0000)
   the space 21248K,  27% used [0x00000001532c0000, 0x000000015385fcb8, 0x000000015385fe00, 0x0000000154780000)
No shared spaces configured.
}

